Using 2 jobs
found SDK version 10.9 at tarballs/MacOSX10.9.sdk.tar.xz
verified at tarballs/MacOSX10.9.sdk.tar.xz

Building OSXCross toolchain, Version: 0.12

OS X SDK Version: 10.9, Target: darwin13
Minimum targeted OS X Version: 10.5
Tarball Directory: /osxcross/tarballs
Build Directory: /osxcross/build
Install Directory: /osxcross/target
SDK Install Directory: /osxcross/target/SDK

extracting cctools-877.5-ld64-253.3_4f8ad51.tar.xz ...

patching file ld64/src/3rd/helper.h
Hunk #1 succeeded at 17 with fuzz 2 (offset 16 lines).
Hunk #2 succeeded at 62 with fuzz 2 (offset 28 lines).
patching file ld64/src/ld/Snapshot.cpp

checking build system type... x86_64-unknown-linux-gnu
checking host system type... x86_64-unknown-linux-gnu
checking target system type... x86_64-apple-darwin13
checking for a BSD-compatible install... /usr/bin/install -c
checking whether build environment is sane... yes
checking for a thread-safe mkdir -p... /bin/mkdir -p
checking for gawk... no
checking for mawk... mawk
checking whether make sets $(MAKE)... yes
checking whether make supports nested variables... yes
checking whether UID '0' is supported by ustar format... yes
checking whether GID '0' is supported by ustar format... yes
checking how to create a ustar tar archive... gnutar
checking whether to enable maintainer-specific portions of Makefiles... no
checking how to print strings... printf
checking for gcc... clang
checking whether the C compiler works... yes
checking for C compiler default output file name... a.out
checking for suffix of executables... 
checking whether we are cross compiling... no
checking for suffix of object files... o
checking whether we are using the GNU C compiler... yes
checking whether clang accepts -g... yes
checking for clang option to accept ISO C89... none needed
checking whether clang understands -c and -o together... yes
checking for a sed that does not truncate output... /bin/sed
checking for grep that handles long lines and -e... /bin/grep
checking for egrep... /bin/grep -E
checking for fgrep... /bin/grep -F
checking for ld used by clang... /usr/bin/ld
checking if the linker (/usr/bin/ld) is GNU ld... yes
checking for BSD- or MS-compatible name lister (nm)... /usr/bin/nm -B
checking the name lister (/usr/bin/nm -B) interface... BSD nm
checking whether ln -s works... yes
checking the maximum length of command line arguments... 1572864
checking how to convert x86_64-unknown-linux-gnu file names to x86_64-unknown-linux-gnu format... func_convert_file_noop
checking how to convert x86_64-unknown-linux-gnu file names to toolchain format... func_convert_file_noop
checking for /usr/bin/ld option to reload object files... -r
checking for objdump... objdump
checking how to recognize dependent libraries... pass_all
checking for dlltool... no
checking how to associate runtime and link libraries... printf %s\n
checking for ar... ar
checking for archiver @FILE support... @
checking for strip... strip
checking for ranlib... ranlib
checking command to parse /usr/bin/nm -B output from clang object... ok
checking for sysroot... no
checking for a working dd... /bin/dd
checking how to truncate binary pipes... /bin/dd bs=4096 count=1
checking for mt... mt
checking if mt is a manifest tool... no
checking how to run the C preprocessor... clang -E
checking for ANSI C header files... yes
checking for sys/types.h... yes
checking for sys/stat.h... yes
checking for stdlib.h... yes
checking for string.h... yes
checking for memory.h... yes
checking for strings.h... yes
checking for inttypes.h... yes
checking for stdint.h... yes
checking for unistd.h... yes
checking for dlfcn.h... yes
checking for objdir... .libs
checking if clang supports -fno-rtti -fno-exceptions... yes
checking for clang option to produce PIC... -fPIC -DPIC
checking if clang PIC flag -fPIC -DPIC works... yes
checking if clang static flag -static works... yes
checking if clang supports -c -o file.o... yes
checking if clang supports -c -o file.o... (cached) yes
checking whether the clang linker (/usr/bin/ld -m elf_x86_64) supports shared libraries... yes
checking whether -lc should be explicitly linked in... no
checking dynamic linker characteristics... GNU/Linux ld.so
checking how to hardcode library paths into programs... immediate
checking whether stripping libraries is possible... yes
checking if libtool supports shared libraries... yes
checking whether to build shared libraries... yes
checking whether to build static libraries... no
checking whether we are using the GNU C compiler... (cached) yes
checking whether clang accepts -g... (cached) yes
checking for clang option to accept ISO C89... (cached) none needed
checking whether clang understands -c and -o together... (cached) yes
checking whether we are using the GNU C++ compiler... yes
checking whether clang++ accepts -g... yes
checking how to run the C++ preprocessor... clang++ -E
checking for ld used by clang++... /usr/bin/ld -m elf_x86_64
checking if the linker (/usr/bin/ld -m elf_x86_64) is GNU ld... yes
checking whether the clang++ linker (/usr/bin/ld -m elf_x86_64) supports shared libraries... yes
checking for clang++ option to produce PIC... -fPIC -DPIC
checking if clang++ PIC flag -fPIC -DPIC works... yes
checking if clang++ static flag -static works... yes
checking if clang++ supports -c -o file.o... yes
checking if clang++ supports -c -o file.o... (cached) yes
checking whether the clang++ linker (/usr/bin/ld -m elf_x86_64) supports shared libraries... yes
checking dynamic linker characteristics... (cached) GNU/Linux ld.so
checking how to hardcode library paths into programs... immediate
checking whether we are using the GNU Objective C compiler... yes
checking whether clang accepts -g... yes
checking for ranlib... ranlib
checking for ar... ar
checking for dlopen in -ldl... yes
checking for pthread_create in -lpthread... yes
checking execinfo.h usability... yes
checking execinfo.h presence... yes
checking for execinfo.h... yes
checking for backtrace in -lexecinfo... no
checking for uuid_generate_random in -luuid... yes
checking uuid/uuid.h usability... yes
checking uuid/uuid.h presence... yes
checking for uuid/uuid.h... yes
checking for strmode... no
checking for __cxa_demangle in -lc++abi... no
checking for __cxa_demangle in -lc++... no
checking for __cxa_demangle in -lsupc++... yes
checking whether clang supports -Wno-shift-negative-value... no
checking whether ld supports -rpath,<path>,--enable-new-dtags... yes
checking for llvm-config... /usr/bin/llvm-config
checking for lto_get_version in -lLTO... yes
checking for xar_prop_create in -lxar... no
checking whether byte ordering is bigendian... no
checking that generated files are newer than configure... done
configure: creating ./config.status
^C
exiting with abnormal exit code (1)
run 'OCDEBUG=1 ./build.sh' to enable debug messages
removing stale locks...
if it is happening the first time, then just re-run the script

